Analysis & Synthesis report for relogio
Fri Oct 16 15:46:11 2020
Quartus Prime Version 20.1.0 Build 711 06/05/2020 SJ Lite Edition


---------------------
; Table of Contents ;
---------------------
  1. Legal Notice
  2. Analysis & Synthesis Summary
  3. Analysis & Synthesis Settings
  4. Parallel Compilation
  5. Analysis & Synthesis Source Files Read
  6. Analysis & Synthesis Resource Usage Summary
  7. Analysis & Synthesis Resource Utilization by Entity
  8. Registers Removed During Synthesis
  9. Removed Registers Triggering Further Register Optimizations
 10. General Register Statistics
 11. Parameter Settings for User Entity Instance: Top-level Entity: |relogio
 12. Parameter Settings for User Entity Instance: mux2x1_10:MUX_jump_component
 13. Parameter Settings for User Entity Instance: mux2x1_8:MUX_mem_ime_component
 14. Parameter Settings for User Entity Instance: mux2x1_8:MUX_ULA_mem_ime_component
 15. Parameter Settings for User Entity Instance: registrador_10:PC
 16. Parameter Settings for User Entity Instance: inc:inc_PC
 17. Parameter Settings for User Entity Instance: ROM:rom
 18. Parameter Settings for User Entity Instance: bancoRegistradores:register_bank
 19. Parameter Settings for User Entity Instance: ULA:ula
 20. Parameter Settings for User Entity Instance: RAM:ram
 21. Parameter Settings for User Entity Instance: address_decoder:decoder
 22. Parameter Settings for User Entity Instance: tristate:tristate_but
 23. Parameter Settings for User Entity Instance: tristate:tristate_SW0
 24. Parameter Settings for User Entity Instance: tristate:tristate_SW1
 25. Parameter Settings for User Entity Instance: tristate:tristate_base_tempo
 26. Parameter Settings for User Entity Instance: baseTempo:base_tempo
 27. Parameter Settings for User Entity Instance: registrador:register_led0
 28. Parameter Settings for User Entity Instance: registrador:register_led1
 29. Parameter Settings for User Entity Instance: registrador:register_hex0
 30. Parameter Settings for User Entity Instance: registrador:register_hex1
 31. Parameter Settings for User Entity Instance: registrador:register_hex2
 32. Parameter Settings for User Entity Instance: registrador:register_hex3
 33. Parameter Settings for User Entity Instance: registrador:register_hex4
 34. Parameter Settings for User Entity Instance: registrador:register_hex5
 35. Port Connectivity Checks: "registrador:register_hex5"
 36. Port Connectivity Checks: "registrador:register_hex4"
 37. Port Connectivity Checks: "registrador:register_hex3"
 38. Port Connectivity Checks: "registrador:register_hex2"
 39. Port Connectivity Checks: "registrador:register_hex1"
 40. Port Connectivity Checks: "registrador:register_hex0"
 41. Port Connectivity Checks: "conversorHex7Seg:conversorhex5"
 42. Port Connectivity Checks: "conversorHex7Seg:conversorhex4"
 43. Port Connectivity Checks: "conversorHex7Seg:conversorhex3"
 44. Port Connectivity Checks: "conversorHex7Seg:conversorhex2"
 45. Port Connectivity Checks: "conversorHex7Seg:conversorhex1"
 46. Port Connectivity Checks: "conversorHex7Seg:conversorhex0"
 47. Port Connectivity Checks: "registrador:register_led1"
 48. Port Connectivity Checks: "registrador:register_led0"
 49. Port Connectivity Checks: "tristate:tristate_base_tempo"
 50. Port Connectivity Checks: "tristate:tristate_SW0"
 51. Port Connectivity Checks: "tristate:tristate_but"
 52. Port Connectivity Checks: "registrador_10:PC"
 53. Post-Synthesis Netlist Statistics for Top Partition
 54. Elapsed Time Per Partition
 55. Analysis & Synthesis Messages



----------------
; Legal Notice ;
----------------
Copyright (C) 2020  Intel Corporation. All rights reserved.
Your use of Intel Corporation's design tools, logic functions 
and other software and tools, and any partner logic 
functions, and any output files from any of the foregoing 
(including device programming or simulation files), and any 
associated documentation or information are expressly subject 
to the terms and conditions of the Intel Program License 
Subscription Agreement, the Intel Quartus Prime License Agreement,
the Intel FPGA IP License Agreement, or other applicable license
agreement, including, without limitation, that your use is for
the sole purpose of programming logic devices manufactured by
Intel and sold by Intel or its authorized distributors.  Please
refer to the applicable agreement for further details, at
https://fpgasoftware.intel.com/eula.



+-------------------------------------------------------------------------------+
; Analysis & Synthesis Summary                                                  ;
+---------------------------------+---------------------------------------------+
; Analysis & Synthesis Status     ; Successful - Fri Oct 16 15:46:11 2020       ;
; Quartus Prime Version           ; 20.1.0 Build 711 06/05/2020 SJ Lite Edition ;
; Revision Name                   ; relogio                                     ;
; Top-level Entity Name           ; relogio                                     ;
; Family                          ; Cyclone V                                   ;
; Logic utilization (in ALMs)     ; N/A                                         ;
; Total registers                 ; 0                                           ;
; Total pins                      ; 67                                          ;
; Total virtual pins              ; 0                                           ;
; Total block memory bits         ; 0                                           ;
; Total DSP Blocks                ; 0                                           ;
; Total HSSI RX PCSs              ; 0                                           ;
; Total HSSI PMA RX Deserializers ; 0                                           ;
; Total HSSI TX PCSs              ; 0                                           ;
; Total HSSI PMA TX Serializers   ; 0                                           ;
; Total PLLs                      ; 0                                           ;
; Total DLLs                      ; 0                                           ;
+---------------------------------+---------------------------------------------+


+---------------------------------------------------------------------------------------------------------------------------+
; Analysis & Synthesis Settings                                                                                             ;
+---------------------------------------------------------------------------------+--------------------+--------------------+
; Option                                                                          ; Setting            ; Default Value      ;
+---------------------------------------------------------------------------------+--------------------+--------------------+
; Device                                                                          ; 5CEBA4F23C7        ;                    ;
; Top-level entity name                                                           ; relogio            ; relogio            ;
; Family name                                                                     ; Cyclone V          ; Cyclone V          ;
; Use smart compilation                                                           ; Off                ; Off                ;
; Enable parallel Assembler and Timing Analyzer during compilation                ; On                 ; On                 ;
; Enable compact report table                                                     ; Off                ; Off                ;
; Restructure Multiplexers                                                        ; Auto               ; Auto               ;
; MLAB Add Timing Constraints For Mixed-Port Feed-Through Mode Setting Don't Care ; Off                ; Off                ;
; Create Debugging Nodes for IP Cores                                             ; Off                ; Off                ;
; Preserve fewer node names                                                       ; On                 ; On                 ;
; Intel FPGA IP Evaluation Mode                                                   ; Enable             ; Enable             ;
; Verilog Version                                                                 ; Verilog_2001       ; Verilog_2001       ;
; VHDL Version                                                                    ; VHDL_1993          ; VHDL_1993          ;
; State Machine Processing                                                        ; Auto               ; Auto               ;
; Safe State Machine                                                              ; Off                ; Off                ;
; Extract Verilog State Machines                                                  ; On                 ; On                 ;
; Extract VHDL State Machines                                                     ; On                 ; On                 ;
; Ignore Verilog initial constructs                                               ; Off                ; Off                ;
; Iteration limit for constant Verilog loops                                      ; 5000               ; 5000               ;
; Iteration limit for non-constant Verilog loops                                  ; 250                ; 250                ;
; Add Pass-Through Logic to Inferred RAMs                                         ; On                 ; On                 ;
; Infer RAMs from Raw Logic                                                       ; On                 ; On                 ;
; Parallel Synthesis                                                              ; On                 ; On                 ;
; DSP Block Balancing                                                             ; Auto               ; Auto               ;
; NOT Gate Push-Back                                                              ; On                 ; On                 ;
; Power-Up Don't Care                                                             ; On                 ; On                 ;
; Remove Redundant Logic Cells                                                    ; Off                ; Off                ;
; Remove Duplicate Registers                                                      ; On                 ; On                 ;
; Ignore CARRY Buffers                                                            ; Off                ; Off                ;
; Ignore CASCADE Buffers                                                          ; Off                ; Off                ;
; Ignore GLOBAL Buffers                                                           ; Off                ; Off                ;
; Ignore ROW GLOBAL Buffers                                                       ; Off                ; Off                ;
; Ignore LCELL Buffers                                                            ; Off                ; Off                ;
; Ignore SOFT Buffers                                                             ; On                 ; On                 ;
; Limit AHDL Integers to 32 Bits                                                  ; Off                ; Off                ;
; Optimization Technique                                                          ; Balanced           ; Balanced           ;
; Carry Chain Length                                                              ; 70                 ; 70                 ;
; Auto Carry Chains                                                               ; On                 ; On                 ;
; Auto Open-Drain Pins                                                            ; On                 ; On                 ;
; Perform WYSIWYG Primitive Resynthesis                                           ; Off                ; Off                ;
; Auto ROM Replacement                                                            ; On                 ; On                 ;
; Auto RAM Replacement                                                            ; On                 ; On                 ;
; Auto DSP Block Replacement                                                      ; On                 ; On                 ;
; Auto Shift Register Replacement                                                 ; Auto               ; Auto               ;
; Allow Shift Register Merging across Hierarchies                                 ; Auto               ; Auto               ;
; Auto Clock Enable Replacement                                                   ; On                 ; On                 ;
; Strict RAM Replacement                                                          ; Off                ; Off                ;
; Allow Synchronous Control Signals                                               ; On                 ; On                 ;
; Force Use of Synchronous Clear Signals                                          ; Off                ; Off                ;
; Auto Resource Sharing                                                           ; Off                ; Off                ;
; Allow Any RAM Size For Recognition                                              ; Off                ; Off                ;
; Allow Any ROM Size For Recognition                                              ; Off                ; Off                ;
; Allow Any Shift Register Size For Recognition                                   ; Off                ; Off                ;
; Use LogicLock Constraints during Resource Balancing                             ; On                 ; On                 ;
; Ignore translate_off and synthesis_off directives                               ; Off                ; Off                ;
; Timing-Driven Synthesis                                                         ; On                 ; On                 ;
; Report Parameter Settings                                                       ; On                 ; On                 ;
; Report Source Assignments                                                       ; On                 ; On                 ;
; Report Connectivity Checks                                                      ; On                 ; On                 ;
; Ignore Maximum Fan-Out Assignments                                              ; Off                ; Off                ;
; Synchronization Register Chain Length                                           ; 3                  ; 3                  ;
; Power Optimization During Synthesis                                             ; Normal compilation ; Normal compilation ;
; HDL message level                                                               ; Level2             ; Level2             ;
; Suppress Register Optimization Related Messages                                 ; Off                ; Off                ;
; Number of Removed Registers Reported in Synthesis Report                        ; 5000               ; 5000               ;
; Number of Swept Nodes Reported in Synthesis Report                              ; 5000               ; 5000               ;
; Number of Inverted Registers Reported in Synthesis Report                       ; 100                ; 100                ;
; Clock MUX Protection                                                            ; On                 ; On                 ;
; Auto Gated Clock Conversion                                                     ; Off                ; Off                ;
; Block Design Naming                                                             ; Auto               ; Auto               ;
; SDC constraint protection                                                       ; Off                ; Off                ;
; Synthesis Effort                                                                ; Auto               ; Auto               ;
; Shift Register Replacement - Allow Asynchronous Clear Signal                    ; On                 ; On                 ;
; Pre-Mapping Resynthesis Optimization                                            ; Off                ; Off                ;
; Analysis & Synthesis Message Level                                              ; Medium             ; Medium             ;
; Disable Register Merging Across Hierarchies                                     ; Auto               ; Auto               ;
; Resource Aware Inference For Block RAM                                          ; On                 ; On                 ;
; Automatic Parallel Synthesis                                                    ; On                 ; On                 ;
; Partial Reconfiguration Bitstream ID                                            ; Off                ; Off                ;
+---------------------------------------------------------------------------------+--------------------+--------------------+


+------------------------------------------+
; Parallel Compilation                     ;
+----------------------------+-------------+
; Processors                 ; Number      ;
+----------------------------+-------------+
; Number detected on machine ; 8           ;
; Maximum allowed            ; 8           ;
;                            ;             ;
; Average used               ; 1.00        ;
; Maximum used               ; 1           ;
;                            ;             ;
; Usage by Processor         ; % Time Used ;
;     Processor 1            ; 100.0%      ;
+----------------------------+-------------+


+-------------------------------------------------------------------------------------------------------------------------------------------+
; Analysis & Synthesis Source Files Read                                                                                                    ;
+----------------------------------+-----------------+-----------------------+----------------------------------------------------+---------+
; File Name with User-Entered Path ; Used in Netlist ; File Type             ; File Name with Absolute Path                       ; Library ;
+----------------------------------+-----------------+-----------------------+----------------------------------------------------+---------+
; registrador.vhd                  ; yes             ; User VHDL File        ; /home/arfel/descomp/Projeto/registrador.vhd        ;         ;
; baseTempo.vhd                    ; yes             ; User VHDL File        ; /home/arfel/descomp/Projeto/baseTempo.vhd          ;         ;
; bancoRegistradores.vhd           ; yes             ; User VHDL File        ; /home/arfel/descomp/Projeto/bancoRegistradores.vhd ;         ;
; inc.vhd                          ; yes             ; User VHDL File        ; /home/arfel/descomp/Projeto/inc.vhd                ;         ;
; ROM.vhd                          ; yes             ; User VHDL File        ; /home/arfel/descomp/Projeto/ROM.vhd                ;         ;
; tristate.vhd                     ; yes             ; User VHDL File        ; /home/arfel/descomp/Projeto/tristate.vhd           ;         ;
; mux2x1_10.vhd                    ; yes             ; User VHDL File        ; /home/arfel/descomp/Projeto/mux2x1_10.vhd          ;         ;
; mux2x1_8.vhd                     ; yes             ; User VHDL File        ; /home/arfel/descomp/Projeto/mux2x1_8.vhd           ;         ;
; RAM.vhd                          ; yes             ; User VHDL File        ; /home/arfel/descomp/Projeto/RAM.vhd                ;         ;
; address_decoder.vhd              ; yes             ; User VHDL File        ; /home/arfel/descomp/Projeto/address_decoder.vhd    ;         ;
; conversor_7seg.vhd               ; yes             ; User VHDL File        ; /home/arfel/descomp/Projeto/conversor_7seg.vhd     ;         ;
; registrador_10.vhd               ; yes             ; User VHDL File        ; /home/arfel/descomp/Projeto/registrador_10.vhd     ;         ;
; ULA.vhd                          ; yes             ; User VHDL File        ; /home/arfel/descomp/Projeto/ULA.vhd                ;         ;
; controller.vhd                   ; yes             ; User VHDL File        ; /home/arfel/descomp/Projeto/controller.vhd         ;         ;
; relogio.vhd                      ; yes             ; Auto-Found VHDL File  ; /home/arfel/descomp/Projeto/relogio.vhd            ;         ;
+----------------------------------+-----------------+-----------------------+----------------------------------------------------+---------+


+-----------------------------------------------------+
; Analysis & Synthesis Resource Usage Summary         ;
+---------------------------------------------+-------+
; Resource                                    ; Usage ;
+---------------------------------------------+-------+
; Estimate of Logic utilization (ALMs needed) ; 0     ;
;                                             ;       ;
; Combinational ALUT usage for logic          ; 0     ;
;     -- 7 input functions                    ; 0     ;
;     -- 6 input functions                    ; 0     ;
;     -- 5 input functions                    ; 0     ;
;     -- 4 input functions                    ; 0     ;
;     -- <=3 input functions                  ; 0     ;
;                                             ;       ;
; Dedicated logic registers                   ; 0     ;
;                                             ;       ;
; I/O pins                                    ; 67    ;
;                                             ;       ;
; Total DSP Blocks                            ; 0     ;
;                                             ;       ;
; Maximum fan-out node                        ; SW[0] ;
; Maximum fan-out                             ; 1     ;
; Total fan-out                               ; 67    ;
; Average fan-out                             ; 0.50  ;
+---------------------------------------------+-------+


+----------------------------------------------------------------------------------------------------------------------------------------------------------------------------------------+
; Analysis & Synthesis Resource Utilization by Entity                                                                                                                                    ;
+----------------------------+---------------------+---------------------------+-------------------+------------+------+--------------+---------------------+-------------+--------------+
; Compilation Hierarchy Node ; Combinational ALUTs ; Dedicated Logic Registers ; Block Memory Bits ; DSP Blocks ; Pins ; Virtual Pins ; Full Hierarchy Name ; Entity Name ; Library Name ;
+----------------------------+---------------------+---------------------------+-------------------+------------+------+--------------+---------------------+-------------+--------------+
; |relogio                   ; 0 (0)               ; 0 (0)                     ; 0                 ; 0          ; 67   ; 0            ; |relogio            ; relogio     ; work         ;
+----------------------------+---------------------+---------------------------+-------------------+------------+------+--------------+---------------------+-------------+--------------+
Note: For table entries with two numbers listed, the numbers in parentheses indicate the number of resources of the given type used by the specific entity alone. The numbers listed outside of parentheses indicate the total resources of the given type used by the specific entity and all of its sub-entities in the hierarchy.


+--------------------------------------------------------------------------------------+
; Registers Removed During Synthesis                                                   ;
+----------------------------------------+---------------------------------------------+
; Register name                          ; Reason for Removal                          ;
+----------------------------------------+---------------------------------------------+
; registrador:register_hex5|DOUT[0..6]   ; Stuck at GND due to stuck port clock_enable ;
; registrador:register_hex4|DOUT[0..6]   ; Stuck at GND due to stuck port clock_enable ;
; registrador:register_hex3|DOUT[0..6]   ; Stuck at GND due to stuck port clock_enable ;
; registrador:register_hex2|DOUT[0..6]   ; Stuck at GND due to stuck port clock_enable ;
; registrador:register_hex1|DOUT[0..6]   ; Stuck at GND due to stuck port clock_enable ;
; registrador:register_hex0|DOUT[0..6]   ; Stuck at GND due to stuck port clock_enable ;
; registrador:register_led1|DOUT[0..7]   ; Stuck at GND due to stuck port clock_enable ;
; registrador:register_led0|DOUT[0,1]    ; Stuck at GND due to stuck port clock_enable ;
; baseTempo:base_tempo|tick              ; Lost fanout                                 ;
; baseTempo:base_tempo|contador[0..3]    ; Lost fanout                                 ;
; registrador_10:PC|DOUT[0..9]           ; Lost fanout                                 ;
; Total Number of Removed Registers = 67 ;                                             ;
+----------------------------------------+---------------------------------------------+


+------------------------------------------------------------------------------------------------------------------------------------------+
; Removed Registers Triggering Further Register Optimizations                                                                              ;
+-----------------------------------+--------------------------------+---------------------------------------------------------------------+
; Register name                     ; Reason for Removal             ; Registers Removed due to This Register                              ;
+-----------------------------------+--------------------------------+---------------------------------------------------------------------+
; registrador:register_led1|DOUT[7] ; Stuck at GND                   ; baseTempo:base_tempo|tick, baseTempo:base_tempo|contador[0],        ;
;                                   ; due to stuck port clock_enable ; baseTempo:base_tempo|contador[1], baseTempo:base_tempo|contador[2], ;
;                                   ;                                ; baseTempo:base_tempo|contador[3]                                    ;
+-----------------------------------+--------------------------------+---------------------------------------------------------------------+


+------------------------------------------------------+
; General Register Statistics                          ;
+----------------------------------------------+-------+
; Statistic                                    ; Value ;
+----------------------------------------------+-------+
; Total registers                              ; 0     ;
; Number of registers using Synchronous Clear  ; 0     ;
; Number of registers using Synchronous Load   ; 0     ;
; Number of registers using Asynchronous Clear ; 0     ;
; Number of registers using Asynchronous Load  ; 0     ;
; Number of registers using Clock Enable       ; 0     ;
; Number of registers using Preset             ; 0     ;
+----------------------------------------------+-------+


+-------------------------------------------------------------------------+
; Parameter Settings for User Entity Instance: Top-level Entity: |relogio ;
+-------------------+-------+---------------------------------------------+
; Parameter Name    ; Value ; Type                                        ;
+-------------------+-------+---------------------------------------------+
; data_width        ; 8     ; Signed Integer                              ;
; opcode_width      ; 5     ; Signed Integer                              ;
; regs_addr         ; 3     ; Signed Integer                              ;
; address_width     ; 8     ; Signed Integer                              ;
; instruction_width ; 16    ; Signed Integer                              ;
+-------------------+-------+---------------------------------------------+
Note: In order to hide this table in the UI and the text report file, please set the "Show Parameter Settings in Synthesis Report" option in "Analysis and Synthesis Settings -> More Settings" to "Off".


+---------------------------------------------------------------------------+
; Parameter Settings for User Entity Instance: mux2x1_10:MUX_jump_component ;
+----------------+-------+--------------------------------------------------+
; Parameter Name ; Value ; Type                                             ;
+----------------+-------+--------------------------------------------------+
; data_width     ; 10    ; Signed Integer                                   ;
+----------------+-------+--------------------------------------------------+
Note: In order to hide this table in the UI and the text report file, please set the "Show Parameter Settings in Synthesis Report" option in "Analysis and Synthesis Settings -> More Settings" to "Off".


+-----------------------------------------------------------------------------+
; Parameter Settings for User Entity Instance: mux2x1_8:MUX_mem_ime_component ;
+----------------+-------+----------------------------------------------------+
; Parameter Name ; Value ; Type                                               ;
+----------------+-------+----------------------------------------------------+
; data_width     ; 8     ; Signed Integer                                     ;
+----------------+-------+----------------------------------------------------+
Note: In order to hide this table in the UI and the text report file, please set the "Show Parameter Settings in Synthesis Report" option in "Analysis and Synthesis Settings -> More Settings" to "Off".


+---------------------------------------------------------------------------------+
; Parameter Settings for User Entity Instance: mux2x1_8:MUX_ULA_mem_ime_component ;
+----------------+-------+--------------------------------------------------------+
; Parameter Name ; Value ; Type                                                   ;
+----------------+-------+--------------------------------------------------------+
; data_width     ; 8     ; Signed Integer                                         ;
+----------------+-------+--------------------------------------------------------+
Note: In order to hide this table in the UI and the text report file, please set the "Show Parameter Settings in Synthesis Report" option in "Analysis and Synthesis Settings -> More Settings" to "Off".


+----------------------------------------------------------------+
; Parameter Settings for User Entity Instance: registrador_10:PC ;
+----------------+-------+---------------------------------------+
; Parameter Name ; Value ; Type                                  ;
+----------------+-------+---------------------------------------+
; larguradados   ; 10    ; Signed Integer                        ;
+----------------+-------+---------------------------------------+
Note: In order to hide this table in the UI and the text report file, please set the "Show Parameter Settings in Synthesis Report" option in "Analysis and Synthesis Settings -> More Settings" to "Off".


+---------------------------------------------------------+
; Parameter Settings for User Entity Instance: inc:inc_PC ;
+----------------+-------+--------------------------------+
; Parameter Name ; Value ; Type                           ;
+----------------+-------+--------------------------------+
; data_width     ; 10    ; Signed Integer                 ;
+----------------+-------+--------------------------------+
Note: In order to hide this table in the UI and the text report file, please set the "Show Parameter Settings in Synthesis Report" option in "Analysis and Synthesis Settings -> More Settings" to "Off".


+------------------------------------------------------+
; Parameter Settings for User Entity Instance: ROM:rom ;
+----------------+-------+-----------------------------+
; Parameter Name ; Value ; Type                        ;
+----------------+-------+-----------------------------+
; datawidth      ; 16    ; Signed Integer              ;
; addrwidth      ; 10    ; Signed Integer              ;
+----------------+-------+-----------------------------+
Note: In order to hide this table in the UI and the text report file, please set the "Show Parameter Settings in Synthesis Report" option in "Analysis and Synthesis Settings -> More Settings" to "Off".


+-------------------------------------------------------------------------------+
; Parameter Settings for User Entity Instance: bancoRegistradores:register_bank ;
+----------------+-------+------------------------------------------------------+
; Parameter Name ; Value ; Type                                                 ;
+----------------+-------+------------------------------------------------------+
; width_data     ; 8     ; Signed Integer                                       ;
; regs_addr      ; 3     ; Signed Integer                                       ;
+----------------+-------+------------------------------------------------------+
Note: In order to hide this table in the UI and the text report file, please set the "Show Parameter Settings in Synthesis Report" option in "Analysis and Synthesis Settings -> More Settings" to "Off".


+------------------------------------------------------+
; Parameter Settings for User Entity Instance: ULA:ula ;
+----------------+-------+-----------------------------+
; Parameter Name ; Value ; Type                        ;
+----------------+-------+-----------------------------+
; data_width     ; 8     ; Signed Integer              ;
+----------------+-------+-----------------------------+
Note: In order to hide this table in the UI and the text report file, please set the "Show Parameter Settings in Synthesis Report" option in "Analysis and Synthesis Settings -> More Settings" to "Off".


+------------------------------------------------------+
; Parameter Settings for User Entity Instance: RAM:ram ;
+----------------+-------+-----------------------------+
; Parameter Name ; Value ; Type                        ;
+----------------+-------+-----------------------------+
; data_width     ; 8     ; Signed Integer              ;
; addr_width     ; 8     ; Signed Integer              ;
+----------------+-------+-----------------------------+
Note: In order to hide this table in the UI and the text report file, please set the "Show Parameter Settings in Synthesis Report" option in "Analysis and Synthesis Settings -> More Settings" to "Off".


+----------------------------------------------------------------------+
; Parameter Settings for User Entity Instance: address_decoder:decoder ;
+----------------+-------+---------------------------------------------+
; Parameter Name ; Value ; Type                                        ;
+----------------+-------+---------------------------------------------+
; opcode_width   ; 5     ; Signed Integer                              ;
; address_width  ; 8     ; Signed Integer                              ;
+----------------+-------+---------------------------------------------+
Note: In order to hide this table in the UI and the text report file, please set the "Show Parameter Settings in Synthesis Report" option in "Analysis and Synthesis Settings -> More Settings" to "Off".


+--------------------------------------------------------------------+
; Parameter Settings for User Entity Instance: tristate:tristate_but ;
+----------------+-------+-------------------------------------------+
; Parameter Name ; Value ; Type                                      ;
+----------------+-------+-------------------------------------------+
; data_width     ; 8     ; Signed Integer                            ;
+----------------+-------+-------------------------------------------+
Note: In order to hide this table in the UI and the text report file, please set the "Show Parameter Settings in Synthesis Report" option in "Analysis and Synthesis Settings -> More Settings" to "Off".


+--------------------------------------------------------------------+
; Parameter Settings for User Entity Instance: tristate:tristate_SW0 ;
+----------------+-------+-------------------------------------------+
; Parameter Name ; Value ; Type                                      ;
+----------------+-------+-------------------------------------------+
; data_width     ; 8     ; Signed Integer                            ;
+----------------+-------+-------------------------------------------+
Note: In order to hide this table in the UI and the text report file, please set the "Show Parameter Settings in Synthesis Report" option in "Analysis and Synthesis Settings -> More Settings" to "Off".


+--------------------------------------------------------------------+
; Parameter Settings for User Entity Instance: tristate:tristate_SW1 ;
+----------------+-------+-------------------------------------------+
; Parameter Name ; Value ; Type                                      ;
+----------------+-------+-------------------------------------------+
; data_width     ; 8     ; Signed Integer                            ;
+----------------+-------+-------------------------------------------+
Note: In order to hide this table in the UI and the text report file, please set the "Show Parameter Settings in Synthesis Report" option in "Analysis and Synthesis Settings -> More Settings" to "Off".


+---------------------------------------------------------------------------+
; Parameter Settings for User Entity Instance: tristate:tristate_base_tempo ;
+----------------+-------+--------------------------------------------------+
; Parameter Name ; Value ; Type                                             ;
+----------------+-------+--------------------------------------------------+
; data_width     ; 8     ; Signed Integer                                   ;
+----------------+-------+--------------------------------------------------+
Note: In order to hide this table in the UI and the text report file, please set the "Show Parameter Settings in Synthesis Report" option in "Analysis and Synthesis Settings -> More Settings" to "Off".


+-------------------------------------------------------------------+
; Parameter Settings for User Entity Instance: baseTempo:base_tempo ;
+----------------+-------+------------------------------------------+
; Parameter Name ; Value ; Type                                     ;
+----------------+-------+------------------------------------------+
; divisor        ; 8     ; Signed Integer                           ;
+----------------+-------+------------------------------------------+
Note: In order to hide this table in the UI and the text report file, please set the "Show Parameter Settings in Synthesis Report" option in "Analysis and Synthesis Settings -> More Settings" to "Off".


+------------------------------------------------------------------------+
; Parameter Settings for User Entity Instance: registrador:register_led0 ;
+----------------+-------+-----------------------------------------------+
; Parameter Name ; Value ; Type                                          ;
+----------------+-------+-----------------------------------------------+
; larguradados   ; 8     ; Signed Integer                                ;
+----------------+-------+-----------------------------------------------+
Note: In order to hide this table in the UI and the text report file, please set the "Show Parameter Settings in Synthesis Report" option in "Analysis and Synthesis Settings -> More Settings" to "Off".


+------------------------------------------------------------------------+
; Parameter Settings for User Entity Instance: registrador:register_led1 ;
+----------------+-------+-----------------------------------------------+
; Parameter Name ; Value ; Type                                          ;
+----------------+-------+-----------------------------------------------+
; larguradados   ; 8     ; Signed Integer                                ;
+----------------+-------+-----------------------------------------------+
Note: In order to hide this table in the UI and the text report file, please set the "Show Parameter Settings in Synthesis Report" option in "Analysis and Synthesis Settings -> More Settings" to "Off".


+------------------------------------------------------------------------+
; Parameter Settings for User Entity Instance: registrador:register_hex0 ;
+----------------+-------+-----------------------------------------------+
; Parameter Name ; Value ; Type                                          ;
+----------------+-------+-----------------------------------------------+
; larguradados   ; 8     ; Signed Integer                                ;
+----------------+-------+-----------------------------------------------+
Note: In order to hide this table in the UI and the text report file, please set the "Show Parameter Settings in Synthesis Report" option in "Analysis and Synthesis Settings -> More Settings" to "Off".


+------------------------------------------------------------------------+
; Parameter Settings for User Entity Instance: registrador:register_hex1 ;
+----------------+-------+-----------------------------------------------+
; Parameter Name ; Value ; Type                                          ;
+----------------+-------+-----------------------------------------------+
; larguradados   ; 8     ; Signed Integer                                ;
+----------------+-------+-----------------------------------------------+
Note: In order to hide this table in the UI and the text report file, please set the "Show Parameter Settings in Synthesis Report" option in "Analysis and Synthesis Settings -> More Settings" to "Off".


+------------------------------------------------------------------------+
; Parameter Settings for User Entity Instance: registrador:register_hex2 ;
+----------------+-------+-----------------------------------------------+
; Parameter Name ; Value ; Type                                          ;
+----------------+-------+-----------------------------------------------+
; larguradados   ; 8     ; Signed Integer                                ;
+----------------+-------+-----------------------------------------------+
Note: In order to hide this table in the UI and the text report file, please set the "Show Parameter Settings in Synthesis Report" option in "Analysis and Synthesis Settings -> More Settings" to "Off".


+------------------------------------------------------------------------+
; Parameter Settings for User Entity Instance: registrador:register_hex3 ;
+----------------+-------+-----------------------------------------------+
; Parameter Name ; Value ; Type                                          ;
+----------------+-------+-----------------------------------------------+
; larguradados   ; 8     ; Signed Integer                                ;
+----------------+-------+-----------------------------------------------+
Note: In order to hide this table in the UI and the text report file, please set the "Show Parameter Settings in Synthesis Report" option in "Analysis and Synthesis Settings -> More Settings" to "Off".


+------------------------------------------------------------------------+
; Parameter Settings for User Entity Instance: registrador:register_hex4 ;
+----------------+-------+-----------------------------------------------+
; Parameter Name ; Value ; Type                                          ;
+----------------+-------+-----------------------------------------------+
; larguradados   ; 8     ; Signed Integer                                ;
+----------------+-------+-----------------------------------------------+
Note: In order to hide this table in the UI and the text report file, please set the "Show Parameter Settings in Synthesis Report" option in "Analysis and Synthesis Settings -> More Settings" to "Off".


+------------------------------------------------------------------------+
; Parameter Settings for User Entity Instance: registrador:register_hex5 ;
+----------------+-------+-----------------------------------------------+
; Parameter Name ; Value ; Type                                          ;
+----------------+-------+-----------------------------------------------+
; larguradados   ; 8     ; Signed Integer                                ;
+----------------+-------+-----------------------------------------------+
Note: In order to hide this table in the UI and the text report file, please set the "Show Parameter Settings in Synthesis Report" option in "Analysis and Synthesis Settings -> More Settings" to "Off".


+-------------------------------------------------------------------------------------------------------------------+
; Port Connectivity Checks: "registrador:register_hex5"                                                             ;
+---------+--------+----------+-------------------------------------------------------------------------------------+
; Port    ; Type   ; Severity ; Details                                                                             ;
+---------+--------+----------+-------------------------------------------------------------------------------------+
; din[7]  ; Input  ; Info     ; Stuck at GND                                                                        ;
; dout[7] ; Output ; Info     ; Connected to dangling logic. Logic that only feeds a dangling port will be removed. ;
; rst     ; Input  ; Info     ; Stuck at GND                                                                        ;
+---------+--------+----------+-------------------------------------------------------------------------------------+


+-------------------------------------------------------------------------------------------------------------------+
; Port Connectivity Checks: "registrador:register_hex4"                                                             ;
+---------+--------+----------+-------------------------------------------------------------------------------------+
; Port    ; Type   ; Severity ; Details                                                                             ;
+---------+--------+----------+-------------------------------------------------------------------------------------+
; din[7]  ; Input  ; Info     ; Stuck at GND                                                                        ;
; dout[7] ; Output ; Info     ; Connected to dangling logic. Logic that only feeds a dangling port will be removed. ;
; rst     ; Input  ; Info     ; Stuck at GND                                                                        ;
+---------+--------+----------+-------------------------------------------------------------------------------------+


+-------------------------------------------------------------------------------------------------------------------+
; Port Connectivity Checks: "registrador:register_hex3"                                                             ;
+---------+--------+----------+-------------------------------------------------------------------------------------+
; Port    ; Type   ; Severity ; Details                                                                             ;
+---------+--------+----------+-------------------------------------------------------------------------------------+
; din[7]  ; Input  ; Info     ; Stuck at GND                                                                        ;
; dout[7] ; Output ; Info     ; Connected to dangling logic. Logic that only feeds a dangling port will be removed. ;
; rst     ; Input  ; Info     ; Stuck at GND                                                                        ;
+---------+--------+----------+-------------------------------------------------------------------------------------+


+-------------------------------------------------------------------------------------------------------------------+
; Port Connectivity Checks: "registrador:register_hex2"                                                             ;
+---------+--------+----------+-------------------------------------------------------------------------------------+
; Port    ; Type   ; Severity ; Details                                                                             ;
+---------+--------+----------+-------------------------------------------------------------------------------------+
; din[7]  ; Input  ; Info     ; Stuck at GND                                                                        ;
; dout[7] ; Output ; Info     ; Connected to dangling logic. Logic that only feeds a dangling port will be removed. ;
; rst     ; Input  ; Info     ; Stuck at GND                                                                        ;
+---------+--------+----------+-------------------------------------------------------------------------------------+


+-------------------------------------------------------------------------------------------------------------------+
; Port Connectivity Checks: "registrador:register_hex1"                                                             ;
+---------+--------+----------+-------------------------------------------------------------------------------------+
; Port    ; Type   ; Severity ; Details                                                                             ;
+---------+--------+----------+-------------------------------------------------------------------------------------+
; din[7]  ; Input  ; Info     ; Stuck at GND                                                                        ;
; dout[7] ; Output ; Info     ; Connected to dangling logic. Logic that only feeds a dangling port will be removed. ;
; rst     ; Input  ; Info     ; Stuck at GND                                                                        ;
+---------+--------+----------+-------------------------------------------------------------------------------------+


+-------------------------------------------------------------------------------------------------------------------+
; Port Connectivity Checks: "registrador:register_hex0"                                                             ;
+---------+--------+----------+-------------------------------------------------------------------------------------+
; Port    ; Type   ; Severity ; Details                                                                             ;
+---------+--------+----------+-------------------------------------------------------------------------------------+
; din[7]  ; Input  ; Info     ; Stuck at GND                                                                        ;
; dout[7] ; Output ; Info     ; Connected to dangling logic. Logic that only feeds a dangling port will be removed. ;
; rst     ; Input  ; Info     ; Stuck at GND                                                                        ;
+---------+--------+----------+-------------------------------------------------------------------------------------+


+------------------------------------------------------------+
; Port Connectivity Checks: "conversorHex7Seg:conversorhex5" ;
+----------+-------+----------+------------------------------+
; Port     ; Type  ; Severity ; Details                      ;
+----------+-------+----------+------------------------------+
; apaga    ; Input ; Info     ; Stuck at GND                 ;
; negativo ; Input ; Info     ; Stuck at GND                 ;
; overflow ; Input ; Info     ; Stuck at GND                 ;
+----------+-------+----------+------------------------------+


+------------------------------------------------------------+
; Port Connectivity Checks: "conversorHex7Seg:conversorhex4" ;
+----------+-------+----------+------------------------------+
; Port     ; Type  ; Severity ; Details                      ;
+----------+-------+----------+------------------------------+
; apaga    ; Input ; Info     ; Stuck at GND                 ;
; negativo ; Input ; Info     ; Stuck at GND                 ;
; overflow ; Input ; Info     ; Stuck at GND                 ;
+----------+-------+----------+------------------------------+


+------------------------------------------------------------+
; Port Connectivity Checks: "conversorHex7Seg:conversorhex3" ;
+----------+-------+----------+------------------------------+
; Port     ; Type  ; Severity ; Details                      ;
+----------+-------+----------+------------------------------+
; apaga    ; Input ; Info     ; Stuck at GND                 ;
; negativo ; Input ; Info     ; Stuck at GND                 ;
; overflow ; Input ; Info     ; Stuck at GND                 ;
+----------+-------+----------+------------------------------+


+------------------------------------------------------------+
; Port Connectivity Checks: "conversorHex7Seg:conversorhex2" ;
+----------+-------+----------+------------------------------+
; Port     ; Type  ; Severity ; Details                      ;
+----------+-------+----------+------------------------------+
; apaga    ; Input ; Info     ; Stuck at GND                 ;
; negativo ; Input ; Info     ; Stuck at GND                 ;
; overflow ; Input ; Info     ; Stuck at GND                 ;
+----------+-------+----------+------------------------------+


+------------------------------------------------------------+
; Port Connectivity Checks: "conversorHex7Seg:conversorhex1" ;
+----------+-------+----------+------------------------------+
; Port     ; Type  ; Severity ; Details                      ;
+----------+-------+----------+------------------------------+
; apaga    ; Input ; Info     ; Stuck at GND                 ;
; negativo ; Input ; Info     ; Stuck at GND                 ;
; overflow ; Input ; Info     ; Stuck at GND                 ;
+----------+-------+----------+------------------------------+


+------------------------------------------------------------+
; Port Connectivity Checks: "conversorHex7Seg:conversorhex0" ;
+----------+-------+----------+------------------------------+
; Port     ; Type  ; Severity ; Details                      ;
+----------+-------+----------+------------------------------+
; apaga    ; Input ; Info     ; Stuck at GND                 ;
; negativo ; Input ; Info     ; Stuck at GND                 ;
; overflow ; Input ; Info     ; Stuck at GND                 ;
+----------+-------+----------+------------------------------+


+-------------------------------------------------------+
; Port Connectivity Checks: "registrador:register_led1" ;
+------+-------+----------+-----------------------------+
; Port ; Type  ; Severity ; Details                     ;
+------+-------+----------+-----------------------------+
; rst  ; Input ; Info     ; Stuck at GND                ;
+------+-------+----------+-----------------------------+


+----------------------------------------------------------------------------------------------------------------------+
; Port Connectivity Checks: "registrador:register_led0"                                                                ;
+------------+--------+----------+-------------------------------------------------------------------------------------+
; Port       ; Type   ; Severity ; Details                                                                             ;
+------------+--------+----------+-------------------------------------------------------------------------------------+
; dout[7..2] ; Output ; Info     ; Connected to dangling logic. Logic that only feeds a dangling port will be removed. ;
; rst        ; Input  ; Info     ; Stuck at GND                                                                        ;
+------------+--------+----------+-------------------------------------------------------------------------------------+


+----------------------------------------------------------+
; Port Connectivity Checks: "tristate:tristate_base_tempo" ;
+-----------+-------+----------+---------------------------+
; Port      ; Type  ; Severity ; Details                   ;
+-----------+-------+----------+---------------------------+
; inp[7..1] ; Input ; Info     ; Stuck at GND              ;
+-----------+-------+----------+---------------------------+


+---------------------------------------------------+
; Port Connectivity Checks: "tristate:tristate_SW0" ;
+-----------+-------+----------+--------------------+
; Port      ; Type  ; Severity ; Details            ;
+-----------+-------+----------+--------------------+
; inp[7..2] ; Input ; Info     ; Stuck at GND       ;
+-----------+-------+----------+--------------------+


+---------------------------------------------------+
; Port Connectivity Checks: "tristate:tristate_but" ;
+-----------+-------+----------+--------------------+
; Port      ; Type  ; Severity ; Details            ;
+-----------+-------+----------+--------------------+
; inp[7..4] ; Input ; Info     ; Stuck at GND       ;
+-----------+-------+----------+--------------------+


+-----------------------------------------------+
; Port Connectivity Checks: "registrador_10:PC" ;
+--------+-------+----------+-------------------+
; Port   ; Type  ; Severity ; Details           ;
+--------+-------+----------+-------------------+
; enable ; Input ; Info     ; Stuck at VCC      ;
; rst    ; Input ; Info     ; Stuck at GND      ;
+--------+-------+----------+-------------------+


+-----------------------------------------------------+
; Post-Synthesis Netlist Statistics for Top Partition ;
+-----------------------+-----------------------------+
; Type                  ; Count                       ;
+-----------------------+-----------------------------+
; arriav_lcell_comb     ; 1                           ;
;     normal            ; 1                           ;
;         0 data inputs ; 1                           ;
; boundary_port         ; 67                          ;
;                       ;                             ;
; Max LUT depth         ; 0.00                        ;
; Average LUT depth     ; 0.00                        ;
+-----------------------+-----------------------------+


+-------------------------------+
; Elapsed Time Per Partition    ;
+----------------+--------------+
; Partition Name ; Elapsed Time ;
+----------------+--------------+
; Top            ; 00:00:00     ;
+----------------+--------------+


+-------------------------------+
; Analysis & Synthesis Messages ;
+-------------------------------+
Info: *******************************************************************
Info: Running Quartus Prime Analysis & Synthesis
    Info: Version 20.1.0 Build 711 06/05/2020 SJ Lite Edition
    Info: Processing started: Fri Oct 16 15:46:00 2020
Info: Command: quartus_map --read_settings_files=on --write_settings_files=off relogio -c relogio
Warning (18236): Number of processors has not been specified which may cause overloading on shared machines.  Set the global assignment NUM_PARALLEL_PROCESSORS in your QSF to an appropriate value for best performance.
Info (20030): Parallel compilation is enabled and will use 8 of the 8 processors detected
Info (12021): Found 2 design units, including 1 entities, in source file registrador.vhd
    Info (12022): Found design unit 1: registrador-rtl File: /home/arfel/descomp/Projeto/registrador.vhd Line: 15
    Info (12023): Found entity 1: registrador File: /home/arfel/descomp/Projeto/registrador.vhd Line: 4
Info (12021): Found 2 design units, including 1 entities, in source file baseTempo.vhd
    Info (12022): Found design unit 1: baseTempo-divInteiro File: /home/arfel/descomp/Projeto/baseTempo.vhd Line: 15
    Info (12023): Found entity 1: baseTempo File: /home/arfel/descomp/Projeto/baseTempo.vhd Line: 5
Info (12021): Found 2 design units, including 1 entities, in source file bancoRegistradores.vhd
    Info (12022): Found design unit 1: bancoRegistradores-comportamento File: /home/arfel/descomp/Projeto/bancoRegistradores.vhd Line: 26
    Info (12023): Found entity 1: bancoRegistradores File: /home/arfel/descomp/Projeto/bancoRegistradores.vhd Line: 5
Info (12021): Found 2 design units, including 1 entities, in source file inc.vhd
    Info (12022): Found design unit 1: inc-rtl File: /home/arfel/descomp/Projeto/inc.vhd Line: 17
    Info (12023): Found entity 1: inc File: /home/arfel/descomp/Projeto/inc.vhd Line: 5
Info (12021): Found 2 design units, including 1 entities, in source file ROM.vhd
    Info (12022): Found design unit 1: ROM-rtl File: /home/arfel/descomp/Projeto/ROM.vhd Line: 18
    Info (12023): Found entity 1: ROM File: /home/arfel/descomp/Projeto/ROM.vhd Line: 5
Info (12021): Found 2 design units, including 1 entities, in source file tristate.vhd
    Info (12022): Found design unit 1: tristate-rtl File: /home/arfel/descomp/Projeto/tristate.vhd Line: 18
    Info (12023): Found entity 1: tristate File: /home/arfel/descomp/Projeto/tristate.vhd Line: 5
Info (12021): Found 2 design units, including 1 entities, in source file mux2x1_10.vhd
    Info (12022): Found design unit 1: mux2x1_10-rtl File: /home/arfel/descomp/Projeto/mux2x1_10.vhd Line: 14
    Info (12023): Found entity 1: mux2x1_10 File: /home/arfel/descomp/Projeto/mux2x1_10.vhd Line: 4
Info (12021): Found 2 design units, including 1 entities, in source file mux2x1_8.vhd
    Info (12022): Found design unit 1: mux2x1_8-rtl File: /home/arfel/descomp/Projeto/mux2x1_8.vhd Line: 14
    Info (12023): Found entity 1: mux2x1_8 File: /home/arfel/descomp/Projeto/mux2x1_8.vhd Line: 4
Info (12021): Found 2 design units, including 1 entities, in source file mux2x1.vhd
    Info (12022): Found design unit 1: mux2x1-rtl File: /home/arfel/descomp/Projeto/mux2x1.vhd Line: 14
    Info (12023): Found entity 1: mux2x1 File: /home/arfel/descomp/Projeto/mux2x1.vhd Line: 4
Info (12021): Found 2 design units, including 1 entities, in source file RAM.vhd
    Info (12022): Found design unit 1: RAM-rtl File: /home/arfel/descomp/Projeto/RAM.vhd Line: 21
    Info (12023): Found entity 1: RAM File: /home/arfel/descomp/Projeto/RAM.vhd Line: 5
Info (12021): Found 2 design units, including 1 entities, in source file address_decoder.vhd
    Info (12022): Found design unit 1: address_decoder-rtl File: /home/arfel/descomp/Projeto/address_decoder.vhd Line: 21
    Info (12023): Found entity 1: address_decoder File: /home/arfel/descomp/Projeto/address_decoder.vhd Line: 5
Info (12021): Found 2 design units, including 1 entities, in source file conversor_7seg.vhd
    Info (12022): Found design unit 1: conversorHex7Seg-comportamento File: /home/arfel/descomp/Projeto/conversor_7seg.vhd Line: 17
    Info (12023): Found entity 1: conversorHex7Seg File: /home/arfel/descomp/Projeto/conversor_7seg.vhd Line: 4
Info (12021): Found 2 design units, including 1 entities, in source file registrador_10.vhd
    Info (12022): Found design unit 1: registrador_10-rtl File: /home/arfel/descomp/Projeto/registrador_10.vhd Line: 15
    Info (12023): Found entity 1: registrador_10 File: /home/arfel/descomp/Projeto/registrador_10.vhd Line: 4
Info (12021): Found 2 design units, including 1 entities, in source file ULA.vhd
    Info (12022): Found design unit 1: ULA-rtl File: /home/arfel/descomp/Projeto/ULA.vhd Line: 19
    Info (12023): Found entity 1: ULA File: /home/arfel/descomp/Projeto/ULA.vhd Line: 5
Info (12021): Found 2 design units, including 1 entities, in source file controller.vhd
    Info (12022): Found design unit 1: controller-rtl File: /home/arfel/descomp/Projeto/controller.vhd Line: 16
    Info (12023): Found entity 1: controller File: /home/arfel/descomp/Projeto/controller.vhd Line: 5
Warning (12125): Using design file relogio.vhd, which is not specified as a design file for the current project, but contains definitions for 2 design units and 1 entities in project
    Info (12022): Found design unit 1: relogio-rtl File: /home/arfel/descomp/Projeto/relogio.vhd Line: 22
    Info (12023): Found entity 1: relogio File: /home/arfel/descomp/Projeto/relogio.vhd Line: 4
Info (12127): Elaborating entity "relogio" for the top level hierarchy
Critical Warning (10920): VHDL Incomplete Partial Association warning at relogio.vhd(175): port or argument "DOUT" has 6/8 unassociated elements File: /home/arfel/descomp/Projeto/relogio.vhd Line: 175
Critical Warning (10920): VHDL Incomplete Partial Association warning at relogio.vhd(215): port or argument "DOUT" has 1/8 unassociated elements File: /home/arfel/descomp/Projeto/relogio.vhd Line: 215
Critical Warning (10920): VHDL Incomplete Partial Association warning at relogio.vhd(222): port or argument "DOUT" has 1/8 unassociated elements File: /home/arfel/descomp/Projeto/relogio.vhd Line: 222
Critical Warning (10920): VHDL Incomplete Partial Association warning at relogio.vhd(229): port or argument "DOUT" has 1/8 unassociated elements File: /home/arfel/descomp/Projeto/relogio.vhd Line: 229
Critical Warning (10920): VHDL Incomplete Partial Association warning at relogio.vhd(236): port or argument "DOUT" has 1/8 unassociated elements File: /home/arfel/descomp/Projeto/relogio.vhd Line: 236
Critical Warning (10920): VHDL Incomplete Partial Association warning at relogio.vhd(243): port or argument "DOUT" has 1/8 unassociated elements File: /home/arfel/descomp/Projeto/relogio.vhd Line: 243
Critical Warning (10920): VHDL Incomplete Partial Association warning at relogio.vhd(250): port or argument "DOUT" has 1/8 unassociated elements File: /home/arfel/descomp/Projeto/relogio.vhd Line: 250
Info (12128): Elaborating entity "mux2x1_10" for hierarchy "mux2x1_10:MUX_jump_component" File: /home/arfel/descomp/Projeto/relogio.vhd Line: 53
Info (12128): Elaborating entity "mux2x1_8" for hierarchy "mux2x1_8:MUX_mem_ime_component" File: /home/arfel/descomp/Projeto/relogio.vhd Line: 59
Info (12128): Elaborating entity "registrador_10" for hierarchy "registrador_10:PC" File: /home/arfel/descomp/Projeto/relogio.vhd Line: 72
Info (12128): Elaborating entity "inc" for hierarchy "inc:inc_PC" File: /home/arfel/descomp/Projeto/relogio.vhd Line: 79
Info (12128): Elaborating entity "ROM" for hierarchy "ROM:rom" File: /home/arfel/descomp/Projeto/relogio.vhd Line: 83
Warning (10541): VHDL Signal Declaration warning at ROM.vhd(21): used implicit default value for signal "content" because signal was never assigned a value or an explicit default value. Use of implicit default value may introduce unintended design optimizations. File: /home/arfel/descomp/Projeto/ROM.vhd Line: 21
Info (12128): Elaborating entity "bancoRegistradores" for hierarchy "bancoRegistradores:register_bank" File: /home/arfel/descomp/Projeto/relogio.vhd Line: 89
Info (12128): Elaborating entity "ULA" for hierarchy "ULA:ula" File: /home/arfel/descomp/Projeto/relogio.vhd Line: 99
Info (12128): Elaborating entity "controller" for hierarchy "controller:unidade_controle" File: /home/arfel/descomp/Projeto/relogio.vhd Line: 107
Info (12128): Elaborating entity "RAM" for hierarchy "RAM:ram" File: /home/arfel/descomp/Projeto/relogio.vhd Line: 125
Info (12128): Elaborating entity "address_decoder" for hierarchy "address_decoder:decoder" File: /home/arfel/descomp/Projeto/relogio.vhd Line: 134
Info (12128): Elaborating entity "tristate" for hierarchy "tristate:tristate_but" File: /home/arfel/descomp/Projeto/relogio.vhd Line: 151
Info (12128): Elaborating entity "baseTempo" for hierarchy "baseTempo:base_tempo" File: /home/arfel/descomp/Projeto/relogio.vhd Line: 171
Info (12128): Elaborating entity "registrador" for hierarchy "registrador:register_led0" File: /home/arfel/descomp/Projeto/relogio.vhd Line: 175
Info (12128): Elaborating entity "conversorHex7Seg" for hierarchy "conversorHex7Seg:conversorhex0" File: /home/arfel/descomp/Projeto/relogio.vhd Line: 191
Info (276014): Found 2 instances of uninferred RAM logic
    Info (276007): RAM logic "RAM:ram|ram" is uninferred due to asynchronous read logic File: /home/arfel/descomp/Projeto/RAM.vhd Line: 27
    Info (276007): RAM logic "bancoRegistradores:register_bank|registrador" is uninferred due to asynchronous read logic File: /home/arfel/descomp/Projeto/bancoRegistradores.vhd Line: 32
Warning (113016): Width of data items in "initROM.mif" is smaller than the memory width. Padding data items with 0 on MSB to fit in memory.  File: /home/arfel/descomp/Projeto/initROM.mif Line: 21
Critical Warning (127005): Memory depth (1024) in the design file differs from memory depth (256) in the Memory Initialization File "/home/arfel/descomp/Projeto/initROM.mif" -- setting initial value for remaining addresses to 0
Warning (13024): Output pins are stuck at VCC or GND
    Warning (13410): Pin "HEX0[0]" is stuck at GND File: /home/arfel/descomp/Projeto/relogio.vhd Line: 17
    Warning (13410): Pin "HEX0[1]" is stuck at GND File: /home/arfel/descomp/Projeto/relogio.vhd Line: 17
    Warning (13410): Pin "HEX0[2]" is stuck at GND File: /home/arfel/descomp/Projeto/relogio.vhd Line: 17
    Warning (13410): Pin "HEX0[3]" is stuck at GND File: /home/arfel/descomp/Projeto/relogio.vhd Line: 17
    Warning (13410): Pin "HEX0[4]" is stuck at GND File: /home/arfel/descomp/Projeto/relogio.vhd Line: 17
    Warning (13410): Pin "HEX0[5]" is stuck at GND File: /home/arfel/descomp/Projeto/relogio.vhd Line: 17
    Warning (13410): Pin "HEX0[6]" is stuck at GND File: /home/arfel/descomp/Projeto/relogio.vhd Line: 17
    Warning (13410): Pin "HEX1[0]" is stuck at GND File: /home/arfel/descomp/Projeto/relogio.vhd Line: 17
    Warning (13410): Pin "HEX1[1]" is stuck at GND File: /home/arfel/descomp/Projeto/relogio.vhd Line: 17
    Warning (13410): Pin "HEX1[2]" is stuck at GND File: /home/arfel/descomp/Projeto/relogio.vhd Line: 17
    Warning (13410): Pin "HEX1[3]" is stuck at GND File: /home/arfel/descomp/Projeto/relogio.vhd Line: 17
    Warning (13410): Pin "HEX1[4]" is stuck at GND File: /home/arfel/descomp/Projeto/relogio.vhd Line: 17
    Warning (13410): Pin "HEX1[5]" is stuck at GND File: /home/arfel/descomp/Projeto/relogio.vhd Line: 17
    Warning (13410): Pin "HEX1[6]" is stuck at GND File: /home/arfel/descomp/Projeto/relogio.vhd Line: 17
    Warning (13410): Pin "HEX2[0]" is stuck at GND File: /home/arfel/descomp/Projeto/relogio.vhd Line: 17
    Warning (13410): Pin "HEX2[1]" is stuck at GND File: /home/arfel/descomp/Projeto/relogio.vhd Line: 17
    Warning (13410): Pin "HEX2[2]" is stuck at GND File: /home/arfel/descomp/Projeto/relogio.vhd Line: 17
    Warning (13410): Pin "HEX2[3]" is stuck at GND File: /home/arfel/descomp/Projeto/relogio.vhd Line: 17
    Warning (13410): Pin "HEX2[4]" is stuck at GND File: /home/arfel/descomp/Projeto/relogio.vhd Line: 17
    Warning (13410): Pin "HEX2[5]" is stuck at GND File: /home/arfel/descomp/Projeto/relogio.vhd Line: 17
    Warning (13410): Pin "HEX2[6]" is stuck at GND File: /home/arfel/descomp/Projeto/relogio.vhd Line: 17
    Warning (13410): Pin "HEX3[0]" is stuck at GND File: /home/arfel/descomp/Projeto/relogio.vhd Line: 17
    Warning (13410): Pin "HEX3[1]" is stuck at GND File: /home/arfel/descomp/Projeto/relogio.vhd Line: 17
    Warning (13410): Pin "HEX3[2]" is stuck at GND File: /home/arfel/descomp/Projeto/relogio.vhd Line: 17
    Warning (13410): Pin "HEX3[3]" is stuck at GND File: /home/arfel/descomp/Projeto/relogio.vhd Line: 17
    Warning (13410): Pin "HEX3[4]" is stuck at GND File: /home/arfel/descomp/Projeto/relogio.vhd Line: 17
    Warning (13410): Pin "HEX3[5]" is stuck at GND File: /home/arfel/descomp/Projeto/relogio.vhd Line: 17
    Warning (13410): Pin "HEX3[6]" is stuck at GND File: /home/arfel/descomp/Projeto/relogio.vhd Line: 17
    Warning (13410): Pin "HEX4[0]" is stuck at GND File: /home/arfel/descomp/Projeto/relogio.vhd Line: 17
    Warning (13410): Pin "HEX4[1]" is stuck at GND File: /home/arfel/descomp/Projeto/relogio.vhd Line: 17
    Warning (13410): Pin "HEX4[2]" is stuck at GND File: /home/arfel/descomp/Projeto/relogio.vhd Line: 17
    Warning (13410): Pin "HEX4[3]" is stuck at GND File: /home/arfel/descomp/Projeto/relogio.vhd Line: 17
    Warning (13410): Pin "HEX4[4]" is stuck at GND File: /home/arfel/descomp/Projeto/relogio.vhd Line: 17
    Warning (13410): Pin "HEX4[5]" is stuck at GND File: /home/arfel/descomp/Projeto/relogio.vhd Line: 17
    Warning (13410): Pin "HEX4[6]" is stuck at GND File: /home/arfel/descomp/Projeto/relogio.vhd Line: 17
    Warning (13410): Pin "HEX5[0]" is stuck at GND File: /home/arfel/descomp/Projeto/relogio.vhd Line: 17
    Warning (13410): Pin "HEX5[1]" is stuck at GND File: /home/arfel/descomp/Projeto/relogio.vhd Line: 17
    Warning (13410): Pin "HEX5[2]" is stuck at GND File: /home/arfel/descomp/Projeto/relogio.vhd Line: 17
    Warning (13410): Pin "HEX5[3]" is stuck at GND File: /home/arfel/descomp/Projeto/relogio.vhd Line: 17
    Warning (13410): Pin "HEX5[4]" is stuck at GND File: /home/arfel/descomp/Projeto/relogio.vhd Line: 17
    Warning (13410): Pin "HEX5[5]" is stuck at GND File: /home/arfel/descomp/Projeto/relogio.vhd Line: 17
    Warning (13410): Pin "HEX5[6]" is stuck at GND File: /home/arfel/descomp/Projeto/relogio.vhd Line: 17
    Warning (13410): Pin "LED[0]" is stuck at GND File: /home/arfel/descomp/Projeto/relogio.vhd Line: 18
    Warning (13410): Pin "LED[1]" is stuck at GND File: /home/arfel/descomp/Projeto/relogio.vhd Line: 18
    Warning (13410): Pin "LED[2]" is stuck at GND File: /home/arfel/descomp/Projeto/relogio.vhd Line: 18
    Warning (13410): Pin "LED[3]" is stuck at GND File: /home/arfel/descomp/Projeto/relogio.vhd Line: 18
    Warning (13410): Pin "LED[4]" is stuck at GND File: /home/arfel/descomp/Projeto/relogio.vhd Line: 18
    Warning (13410): Pin "LED[5]" is stuck at GND File: /home/arfel/descomp/Projeto/relogio.vhd Line: 18
    Warning (13410): Pin "LED[6]" is stuck at GND File: /home/arfel/descomp/Projeto/relogio.vhd Line: 18
    Warning (13410): Pin "LED[7]" is stuck at GND File: /home/arfel/descomp/Projeto/relogio.vhd Line: 18
    Warning (13410): Pin "LED[8]" is stuck at GND File: /home/arfel/descomp/Projeto/relogio.vhd Line: 18
    Warning (13410): Pin "LED[9]" is stuck at GND File: /home/arfel/descomp/Projeto/relogio.vhd Line: 18
Info (17049): 15 registers lost all their fanouts during netlist optimizations.
Info (16010): Generating hard_block partition "hard_block:auto_generated_inst"
    Info (16011): Adding 0 node(s), including 0 DDIO, 0 PLL, 0 transceiver and 0 LCELL
Warning (21074): Design contains 15 input pin(s) that do not drive logic
    Warning (15610): No output dependent on input pin "SW[0]" File: /home/arfel/descomp/Projeto/relogio.vhd Line: 14
    Warning (15610): No output dependent on input pin "SW[1]" File: /home/arfel/descomp/Projeto/relogio.vhd Line: 14
    Warning (15610): No output dependent on input pin "SW[2]" File: /home/arfel/descomp/Projeto/relogio.vhd Line: 14
    Warning (15610): No output dependent on input pin "SW[3]" File: /home/arfel/descomp/Projeto/relogio.vhd Line: 14
    Warning (15610): No output dependent on input pin "SW[4]" File: /home/arfel/descomp/Projeto/relogio.vhd Line: 14
    Warning (15610): No output dependent on input pin "SW[5]" File: /home/arfel/descomp/Projeto/relogio.vhd Line: 14
    Warning (15610): No output dependent on input pin "SW[6]" File: /home/arfel/descomp/Projeto/relogio.vhd Line: 14
    Warning (15610): No output dependent on input pin "SW[7]" File: /home/arfel/descomp/Projeto/relogio.vhd Line: 14
    Warning (15610): No output dependent on input pin "SW[8]" File: /home/arfel/descomp/Projeto/relogio.vhd Line: 14
    Warning (15610): No output dependent on input pin "SW[9]" File: /home/arfel/descomp/Projeto/relogio.vhd Line: 14
    Warning (15610): No output dependent on input pin "BUT[0]" File: /home/arfel/descomp/Projeto/relogio.vhd Line: 15
    Warning (15610): No output dependent on input pin "BUT[1]" File: /home/arfel/descomp/Projeto/relogio.vhd Line: 15
    Warning (15610): No output dependent on input pin "BUT[2]" File: /home/arfel/descomp/Projeto/relogio.vhd Line: 15
    Warning (15610): No output dependent on input pin "BUT[3]" File: /home/arfel/descomp/Projeto/relogio.vhd Line: 15
    Warning (15610): No output dependent on input pin "clk" File: /home/arfel/descomp/Projeto/relogio.vhd Line: 16
Info (21057): Implemented 67 device resources after synthesis - the final resource count might be different
    Info (21058): Implemented 15 input pins
    Info (21059): Implemented 52 output pins
Info: Quartus Prime Analysis & Synthesis was successful. 0 errors, 81 warnings
    Info: Peak virtual memory: 486 megabytes
    Info: Processing ended: Fri Oct 16 15:46:11 2020
    Info: Elapsed time: 00:00:11
    Info: Total CPU time (on all processors): 00:00:29


